<?xml version="1.0" encoding="UTF-8"?>
<!-- Generated by org.testng.reporters.JUnitReportReporter -->
<testsuite hostname="MokshiJeevi" failures="0" tests="1" name="com.demoblaze.testcases.LoginTest" time="2.461" errors="0" timestamp="2 Jun 2025 19:14:37 GMT">
  <testcase classname="com.demoblaze.testcases.LoginTest" name="validLoginTest" time="2.461"/>
</testsuite> <!-- com.demoblaze.testcases.LoginTest -->
